<?xml version="1.0" encoding="UTF-8"?>

<beans xmlns="http://www.springframework.org/schema/beans"
  xmlns:xsi="http://www.w3.org/2001/XMLSchema-instance"
  xmlns:aop="http://www.springframework.org/schema/aop"
  xmlns:context="http://www.springframework.org/schema/context"
  xmlns:tx="http://www.springframework.org/schema/tx"
  xsi:schemaLocation="
http://www.springframework.org/schema/beans http://www.springframework.org/schema/beans/spring-beans-2.5.xsd
http://www.springframework.org/schema/tx http://www.springframework.org/schema/tx/spring-tx-2.5.xsd
http://www.springframework.org/schema/aop http://www.springframework.org/schema/aop/spring-aop-2.5.xsd
http://www.springframework.org/schema/context http://www.springframework.org/schema/context/spring-context-2.5.xsd">

  <context:annotation-config/>
  
  <bean id="tropixConfigDir" class="edu.umn.msi.tropix.common.spring.TropixConfigDirPropertyPlaceholderConfigurer" />

  <bean id="testConfigDir" class="edu.umn.msi.tropix.common.spring.ConfigDir">
    <constructor-arg value="test" />
  </bean>
  
  <bean class="org.springframework.beans.factory.config.PropertyPlaceholderConfigurer" >
    <property name="location" value="file:#{testConfigDir.get()}/aws.properties" />
  </bean>
  
  <bean id="ec2AccessKey" class="edu.umn.msi.tropix.common.jobqueue.cloud.AccessKey">
    <constructor-arg value="${access.key}" />
    <constructor-arg value="${secret.key}" />    
  </bean>
  
  <context:component-scan base-package="edu.umn.msi.tropix.common.jobqueue.cloud" />
   
</beans>